{
  "stats": {
    "suites": 1,
    "tests": 1,
    "passes": 1,
    "pending": 0,
    "failures": 0,
    "start": "2022-08-30T17:01:24.193Z",
    "end": "2022-08-30T17:01:28.243Z",
    "duration": 4050,
    "testsRegistered": 1,
    "passPercent": 100,
    "pendingPercent": 0,
    "other": 0,
    "hasOther": false,
    "skipped": 0,
    "hasSkipped": false
  },
  "results": [
    {
      "uuid": "b9fc156d-7913-4f07-822b-d1714e69ec82",
      "title": "",
      "fullFile": "cypress\\e2e\\bugereats\\testeCadastro.cy.js",
      "file": "cypress\\e2e\\bugereats\\testeCadastro.cy.js",
      "beforeHooks": [],
      "afterHooks": [],
      "tests": [],
      "suites": [
        {
          "uuid": "7b16de63-8085-4e61-a644-935d89306a59",
          "title": "Realizar o cadastro de informacoes",
          "fullFile": "",
          "file": "",
          "beforeHooks": [],
          "afterHooks": [],
          "tests": [
            {
              "title": "Teste para preencher o cadastro",
              "fullTitle": "Realizar o cadastro de informacoes Teste para preencher o cadastro",
              "timedOut": null,
              "duration": 2787,
              "state": "passed",
              "speed": "fast",
              "pass": true,
              "fail": false,
              "pending": false,
              "context": null,
              "code": "cy.contains('a', 'Cadastre-se para fazer entregas').click(); //preenchendo formulário\ncy.get(\"input[placeholder=\\\"Nome completo\\\"]\").type(\"Lucas Vasconcelos\");\ncy.get(\"input[placeholder=\\\"CPF somente números\\\"]\").type(\"44735899006\");\ncy.get(\"input[placeholder=\\\"E-mail\\\"]\").type(\"email.teste@gmail.com\");\ncy.get(\"input[placeholder=\\\"Whatsapp\\\"]\").type(\"01182111030\");\ncy.get(\"input[placeholder=\\\"CEP\\\"]\").type(\"01310200\");\ncy.get(\"input[type=button]\").click(); //cy.get(':nth-child(3) > :nth-child(2) > :nth-child(2) > input').click();\ncy.get(\"input[placeholder=\\\"Número\\\"]\").type(\"195\");\ncy.get(\"input[placeholder=\\\"Complemento\\\"]\").type(\"Casa\");\ncy.get('img[alt=\"Van/Carro\"]').click(); //upload de imagem\ncy.get(\"input[type=file]\").attachFile(\"driver-license.png\");\ncy.contains('button', 'Cadastre-se para fazer entregas').click();\ncy.contains('button', 'Fechar').should('be.visible');",
              "err": {},
              "uuid": "a47ba37c-6ff8-4702-b547-2a48e2cdb114",
              "parentUUID": "7b16de63-8085-4e61-a644-935d89306a59",
              "isHook": false,
              "skipped": false
            }
          ],
          "suites": [],
          "passes": [
            "a47ba37c-6ff8-4702-b547-2a48e2cdb114"
          ],
          "failures": [],
          "pending": [],
          "skipped": [],
          "duration": 2787,
          "root": false,
          "rootEmpty": false,
          "_timeout": 2000
        }
      ],
      "passes": [],
      "failures": [],
      "pending": [],
      "skipped": [],
      "duration": 0,
      "root": true,
      "rootEmpty": true,
      "_timeout": 2000
    }
  ],
  "meta": {
    "mocha": {
      "version": "7.0.1"
    },
    "mochawesome": {
      "options": {
        "quiet": false,
        "reportFilename": "mochawesome",
        "saveHtml": true,
        "saveJson": true,
        "consoleReporter": "spec",
        "useInlineDiffs": false,
        "code": true
      },
      "version": "7.1.3"
    },
    "marge": {
      "options": null,
      "version": "6.2.0"
    }
  }
}